#
# There is insufficient memory for the Java Runtime Environment to continue.
# Native memory allocation (malloc) failed to allocate 1048576 bytes for AllocateHeap
# Possible reasons:
#   The system is out of physical RAM or swap space
#   In 32 bit mode, the process size limit was hit
# Possible solutions:
#   Reduce memory load on the system
#   Increase physical memory or swap space
#   Check if swap backing store is full
#   Use 64 bit Java on a 64 bit OS
#   Decrease Java heap size (-Xmx/-Xms)
#   Decrease number of Java threads
#   Decrease Java thread stack sizes (-Xss)
#   Set larger code cache with -XX:ReservedCodeCacheSize=
# This output file may be truncated or incomplete.
#
#  Out of Memory Error (memory/allocation.inline.hpp:61), pid=189452, tid=189576
#
# JRE version:  (7.0_80-b15) (build )
# Java VM: Java HotSpot(TM) 64-Bit Server VM (24.80-b11 mixed mode windows-amd64 compressed oops)
# Failed to write core dump. Minidumps are not enabled by default on client versions of Windows
#

---------------  T H R E A D  ---------------

Current thread (0x00000000028fd800):  JavaThread "Unknown thread" [_thread_in_vm, id=189576, stack(0x0000000002770000,0x0000000002870000)]

Stack: [0x0000000002770000,0x0000000002870000]
[error occurred during error reporting (printing stack bounds), id 0xc0000005]


---------------  P R O C E S S  ---------------

Java Threads: ( => current thread )

Other Threads:

=>0x00000000028fd800 (exited) JavaThread "Unknown thread" [_thread_in_vm, id=189576, stack(0x0000000002770000,0x0000000002870000)]

VM state:not at safepoint (normal execution)

VM Mutex/Monitor currently owned by a thread: None

Heap
 PSYoungGen      total 37888K, used 655K [0x00000000eaa80000, 0x00000000ed480000, 0x0000000100000000)
  eden space 32768K, 2% used [0x00000000eaa80000,0x00000000eab23dc8,0x00000000eca80000)
  from space 5120K, 0% used [0x00000000ecf80000,0x00000000ecf80000,0x00000000ed480000)
  to   space 5120K, 0% used [0x00000000eca80000,0x00000000eca80000,0x00000000ecf80000)
 ParOldGen       total 86016K, used 0K [0x00000000c0000000, 0x00000000c5400000, 0x00000000eaa80000)
  object space 86016K, 0% used [0x00000000c0000000,0x00000000c0000000,0x00000000c5400000)
 PSPermGen       total 21504K, used 697K [0x00000000bae00000, 0x00000000bc300000, 0x00000000c0000000)
  object space 21504K, 3% used [0x00000000bae00000,0x00000000baeae5c8,0x00000000bc300000)

Card table byte_map: [0x0000000005ac0000,0x0000000005cf0000] byte_map_base: 0x00000000054e9000

Polling page: 0x0000000000ff0000

Code Cache  [0x0000000002a00000, 0x0000000002c70000, 0x0000000005a00000)
 total_blobs=38 nmethods=0 adapters=20 free_code_cache=48889Kb largest_free_block=50062528

Compilation events (0 events):
No events

GC Heap History (0 events):
No events

Deoptimization events (0 events):
No events

Internal exceptions (0 events):
No events

Events (10 events):
Event: 0.029 loading class 0x0000000002946bb0
Event: 0.029 loading class 0x0000000002946bb0 done
Event: 0.029 loading class 0x0000000002946c00
Event: 0.029 loading class 0x0000000002946c00 done
Event: 0.029 loading class 0x0000000002946c50
Event: 0.029 loading class 0x0000000002946c50 done
Event: 0.030 loading class 0x00000000029479d0
Event: 0.030 loading class 0x00000000029479d0 done
Event: 0.030 loading class 0x00000000029475f0
Event: 0.030 loading class 0x00000000029475f0 done


Dynamic libraries:
0x00007ff6b6f30000 - 0x00007ff6b6f63000 	C:\Program Files\Java\jdk1.7.0_80\bin\java.exe
0x00007ffebd350000 - 0x00007ffebd4fc000 	C:\windows\SYSTEM32\ntdll.dll
0x00007ffebb2c0000 - 0x00007ffebb3fe000 	C:\windows\system32\KERNEL32.DLL
0x00007ffeba8b0000 - 0x00007ffeba9c5000 	C:\windows\system32\KERNELBASE.dll
0x00007ffeb8f40000 - 0x00007ffeb8fce000 	C:\windows\system32\apphelp.dll
0x00007ffea7630000 - 0x00007ffea7683000 	C:\windows\AppPatch\AppPatch64\AcGenral.DLL
0x00007ffebcd20000 - 0x00007ffebcdca000 	C:\windows\system32\msvcrt.dll
0x00007ffeba270000 - 0x00007ffeba29e000 	C:\windows\SYSTEM32\SspiCli.dll
0x00007ffebb260000 - 0x00007ffebb2b4000 	C:\windows\system32\SHLWAPI.dll
0x00007ffebb560000 - 0x00007ffebb6d7000 	C:\windows\system32\USER32.dll
0x00007ffebabb0000 - 0x00007ffebad44000 	C:\windows\system32\ole32.dll
0x00007ffebb6e0000 - 0x00007ffebcbf8000 	C:\windows\system32\SHELL32.dll
0x00007ffeb9a40000 - 0x00007ffeb9a61000 	C:\windows\SYSTEM32\USERENV.dll
0x00007ffebb0e0000 - 0x00007ffebb18a000 	C:\windows\system32\ADVAPI32.dll
0x00007ffeb42e0000 - 0x00007ffeb42fe000 	C:\windows\SYSTEM32\MPR.dll
0x00007ffebd0a0000 - 0x00007ffebd1e1000 	C:\windows\system32\RPCRT4.dll
0x00007ffebcfe0000 - 0x00007ffebd039000 	C:\windows\SYSTEM32\sechost.dll
0x00007ffebad50000 - 0x00007ffebaf61000 	C:\windows\SYSTEM32\combase.dll
0x00007ffebaf80000 - 0x00007ffebb0d1000 	C:\windows\system32\GDI32.dll
0x00007ffeba4a0000 - 0x00007ffeba4b5000 	C:\windows\SYSTEM32\profapi.dll
0x00007ffeb8bc0000 - 0x00007ffeb8c72000 	C:\windows\SYSTEM32\SHCORE.dll
0x00007ffebcce0000 - 0x00007ffebcd16000 	C:\windows\system32\IMM32.DLL
0x00007ffebb400000 - 0x00007ffebb552000 	C:\windows\system32\MSCTF.dll
0x00007ffeb8480000 - 0x00007ffeb86fb000 	C:\windows\WinSxS\amd64_microsoft.windows.common-controls_6595b64144ccf1df_6.0.9600.17784_none_624760d1ecb7236e\COMCTL32.dll
0x000000006e2c0000 - 0x000000006e392000 	C:\Program Files\Java\jdk1.7.0_80\jre\bin\msvcr100.dll
0x000000006dae0000 - 0x000000006e2b9000 	C:\Program Files\Java\jdk1.7.0_80\jre\bin\server\jvm.dll
0x00007ffeb5f40000 - 0x00007ffeb5f49000 	C:\windows\SYSTEM32\WSOCK32.dll
0x00007ffeb5cd0000 - 0x00007ffeb5cf2000 	C:\windows\SYSTEM32\WINMM.dll
0x00007ffebccd0000 - 0x00007ffebccd7000 	C:\windows\system32\PSAPI.DLL
0x00007ffebcf80000 - 0x00007ffebcfda000 	C:\windows\system32\WS2_32.dll
0x00007ffeb5c90000 - 0x00007ffeb5cba000 	C:\windows\SYSTEM32\WINMMBASE.dll
0x00007ffebd210000 - 0x00007ffebd219000 	C:\windows\system32\NSI.dll
0x00007ffeba860000 - 0x00007ffeba8af000 	C:\windows\SYSTEM32\cfgmgr32.dll
0x00007ffeb9050000 - 0x00007ffeb9078000 	C:\windows\SYSTEM32\DEVOBJ.dll
0x000000006f0e0000 - 0x000000006f0ef000 	C:\Program Files\Java\jdk1.7.0_80\jre\bin\verify.dll
0x000000006dab0000 - 0x000000006dad8000 	C:\Program Files\Java\jdk1.7.0_80\jre\bin\java.dll
0x000000006da90000 - 0x000000006daa6000 	C:\Program Files\Java\jdk1.7.0_80\jre\bin\zip.dll

VM Arguments:
jvm_args: -Xmx1024M -Dfile.encoding=windows-1252 -Duser.country=NL -Duser.language=nl -Duser.variant 
java_command: com.android.dx.command.Main --dex --output C:\Users\koen\AndroidStudioProjects\Lassie\app\build\intermediates\pre-dexed\debug\classes-85c00443bb28207f2b76795ccb500559b9bb6dbb.jar C:\Users\koen\AndroidStudioProjects\Lassie\app\build\intermediates\exploded-aar\com.android.support\support-v4\22.1.1\jars\classes.jar
Launcher Type: SUN_STANDARD

Environment Variables:
PATH=C:\ProgramData\Oracle\Java\javapath;c:\Program Files (x86)\Intel\iCLS Client\;c:\Program Files\Intel\iCLS Client\;C:\windows\system32;C:\windows;C:\windows\System32\Wbem;C:\windows\System32\WindowsPowerShell\v1.0\;c:\Program Files (x86)\ATI Technologies\ATI.ACE\Core-Static;C:\Program Files\Intel\WiFi\bin\;C:\Program Files\Common Files\Intel\WirelessCommon\;C:\Program Files\Microsoft SQL Server\110\Tools\Binn\;C:\Program Files\Microsoft SQL Server\120\Tools\Binn\;C:\Program Files (x86)\Microsoft SDKs\TypeScript\1.0\;C:\Program Files\Intel\Intel(R) Management Engine Components\DAL;C:\Program Files (x86)\Intel\Intel(R) Management Engine Components\DAL;C:\Program Files\Intel\Intel(R) Management Engine Components\IPT;C:\Program Files (x86)\Intel\Intel(R) Management Engine Components\IPT;C:\Program Files (x86)\nodejs\;C:\Program Files (x86)\Microsoft SQL Server\100\Tools\Binn\;C:\Program Files (x86)\Microsoft SQL Server\100\DTS\Binn\;C:\Program Files\Intel\WiFi\bin\;C:\Program Files\Common Files\Intel\WirelessCommon\;C:\Users\koen\AppData\Roaming\npm
USERNAME=koen
OS=Windows_NT
PROCESSOR_IDENTIFIER=Intel64 Family 6 Model 69 Stepping 1, GenuineIntel



---------------  S Y S T E M  ---------------

OS: Windows 8.1 , 64 bit Build 9600 

CPU:total 4 (2 cores per cpu, 2 threads per core) family 6 model 69 stepping 1, cmov, cx8, fxsr, mmx, sse, sse2, sse3, ssse3, sse4.1, sse4.2, popcnt, avx, avx2, aes, erms, ht, tsc, tscinvbit

Memory: 4k page, physical 8257644k(499752k free), swap 12943468k(6772k free)

vm_info: Java HotSpot(TM) 64-Bit Server VM (24.80-b11) for windows-amd64 JRE (1.7.0_80-b15), built on Apr 10 2015 11:26:34 by "java_re" with unknown MS VC++:1600

time: Thu Jun 04 20:48:03 2015
elapsed time: 0 seconds

